int -> (-1, -1)
id -> (7, 0)
, -> (-1, -1)
id -> (8, 0)
, -> (-1, -1)
id -> (9, 0)
; -> (-1, -1)
read -> (-1, -1)
( -> (-1, -1)
id -> (7, 0)
) -> (-1, -1)
; -> (-1, -1)
read -> (-1, -1)
( -> (-1, -1)
id -> (8, 0)
) -> (-1, -1)
; -> (-1, -1)
read -> (-1, -1)
( -> (-1, -1)
id -> (9, 0)
) -> (-1, -1)
; -> (-1, -1)
int -> (-1, -1)
id -> (11, 0)
= -> (-1, -1)
id -> (12, 0)
; -> (-1, -1)
if -> (-1, -1)
( -> (-1, -1)
id -> (8, 0)
> -> (-1, -1)
id -> (11, 0)
) -> (-1, -1)
{ -> (-1, -1)
id -> (11, 0)
= -> (-1, -1)
id -> (8, 0)
; -> (-1, -1)
} -> (-1, -1)
if -> (-1, -1)
( -> (-1, -1)
id -> (9, 0)
> -> (-1, -1)
id -> (11, 0)
) -> (-1, -1)
{ -> (-1, -1)
id -> (11, 0)
= -> (-1, -1)
id -> (9, 0)
; -> (-1, -1)
} -> (-1, -1)
print -> (-1, -1)
( -> (-1, -1)
id -> (11, 0)
) -> (-1, -1)
; -> (-1, -1)
