int -> (-1, -1)
id -> (20, 0)
; -> (-1, -1)
char -> (-1, -1)
id -> (7, 0)
; -> (-1, -1)
read -> (-1, -1)
( -> (-1, -1)
id -> (20, 0)
) -> (-1, -1)
; -> (-1, -1)
string -> (-1, -1)
id -> (13, 0)
= -> (-1, -1)
const -> (8, 0)
; -> (-1, -1)
id -> (7, 0)
= -> (-1, -1)
const -> (27, 0)
; -> (-1, -1)
int -> (-1, -1)
id -> (15, 0)
, -> (-1, -1)
id -> (0, 0)
; -> (-1, -1)
for -> (-1, -1)
( -> (-1, -1)
id -> (15, 0)
= -> (-1, -1)
const -> (19, 0)
; -> (-1, -1)
id -> (15, 0)
< -> (-1, -1)
= -> (-1, -1)
id -> (20, 0)
; -> (-1, -1)
id -> (15, 0)
+ -> (-1, -1)
+ -> (-1, -1)
) -> (-1, -1)
{ -> (-1, -1)
id -> (0, 0)
= -> (-1, -1)
id -> (14, 0)
( -> (-1, -1)
) -> (-1, -1)
; -> (-1, -1)
id -> (13, 0)
+ -> (-1, -1)
= -> (-1, -1)
id -> (0, 0)
; -> (-1, -1)
id -> (15, 0)
= -> (-1, -1)
id -> (15, 0)
const -> (2, 0)
; -> (-1, -1)
} -> (-1, -1)
print -> (-1, -1)
( -> (-1, -1)
id -> (13, 0)
) -> (-1, -1)
; -> (-1, -1)
