int -> (-1, -1)
id -> (20, 0)
; -> (-1, -1)
read -> (-1, -1)
( -> (-1, -1)
id -> (20, 0)
) -> (-1, -1)
; -> (-1, -1)
int -> (-1, -1)
id -> (9, 0)
= -> (-1, -1)
const -> (19, 0)
; -> (-1, -1)
int -> (-1, -1)
id -> (10, 0)
= -> (-1, -1)
const -> (20, 1)
; -> (-1, -1)
while -> (-1, -1)
( -> (-1, -1)
id -> (9, 0)
= -> (-1, -1)
= -> (-1, -1)
const -> (19, 0)
&& -> (-1, -1)
id -> (10, 0)
* -> (-1, -1)
id -> (10, 0)
< -> (-1, -1)
= -> (-1, -1)
id -> (20, 0)
) -> (-1, -1)
{ -> (-1, -1)
if -> (-1, -1)
( -> (-1, -1)
id -> (20, 0)
% -> (-1, -1)
id -> (10, 0)
= -> (-1, -1)
= -> (-1, -1)
const -> (18, 0)
) -> (-1, -1)
{ -> (-1, -1)
id -> (9, 0)
= -> (-1, -1)
const -> (18, 0)
; -> (-1, -1)
} -> (-1, -1)
id -> (10, 0)
= -> (-1, -1)
id -> (10, 0)
+ -> (-1, -1)
const -> (19, 0)
; -> (-1, -1)
} -> (-1, -1)
if -> (-1, -1)
( -> (-1, -1)
id -> (9, 0)
= -> (-1, -1)
= -> (-1, -1)
const -> (19, 0)
) -> (-1, -1)
{ -> (-1, -1)
print -> (-1, -1)
( -> (-1, -1)
const -> (10, 1)
) -> (-1, -1)
; -> (-1, -1)
} -> (-1, -1)
else -> (-1, -1)
{ -> (-1, -1)
print -> (-1, -1)
( -> (-1, -1)
const -> (19, 1)
) -> (-1, -1)
; -> (-1, -1)
} -> (-1, -1)
